<?xml version="1.0" encoding="UTF-8"?>
<!-- Generated by org.testng.reporters.JUnitReportReporter -->
<testsuite hostname="LAP-15" failures="0" tests="1" name="com.workpackages.Astraze_menu.Formfill" time="27.715" errors="0" timestamp="2021-05-07T21:28:54 IST" skipped="0">
  <testcase classname="com.workpackages.Astraze_menu.Formfill" name="AstraForm" time="27.715"/>
  <system-out/>
</testsuite> <!-- com.workpackages.Astraze_menu.Formfill -->
