<?xml version="1.0" encoding="UTF-8"?>
<!-- Generated by org.testng.reporters.JUnitReportReporter -->
<testsuite hostname="MANOJI" name="com.workpackages.readexcel.ReadExcel" tests="1" failures="0" timestamp="6 May 2021 10:50:50 GMT" time="0.908" errors="0">
  <testcase name="readexceldata" time="0.908" classname="com.workpackages.readexcel.ReadExcel"/>
</testsuite> <!-- com.workpackages.readexcel.ReadExcel -->
